2025-04-18 16:09:58,509 - discord.client - WARNING - PyNaCl is not installed, voice will NOT be supported
2025-04-18 16:09:58,511 - discord.client - INFO - logging in using static token
2025-04-21 17:31:13,884 - discord.client - INFO - logging in using static token
2025-04-21 17:31:17,991 - discord.gateway - INFO - Shard ID None has connected to Gateway (Session ID: badba4c1aeaf3b8175d662cef3947031).
2025-04-21 17:31:20,010 - tribble_bot - INFO - Logged in as Cyrano Jones (1362590639182839828)
2025-04-21 17:31:39,994 - tribble_bot - ERROR - Failed to connect to MySQL: (2013, 'Lost connection to MySQL server during query ([WinError 64] The specified network name is no longer available)')
2025-04-21 17:31:39,995 - tribble_bot - INFO - Falling back to in-memory data storage
2025-04-21 17:31:39,995 - tribble_bot - INFO - Using in-memory storage instead of database
2025-04-21 17:31:41,306 - tribble_bot - INFO - Synced 13 command(s)
2025-04-21 17:32:01,238 - tribble_bot - ERROR - Failed to connect to MySQL: (2013, 'Lost connection to MySQL server during query ([WinError 64] The specified network name is no longer available)')
2025-04-21 17:32:01,239 - tribble_bot - INFO - Falling back to in-memory data storage
2025-04-21 17:32:01,239 - tribble_bot - ERROR - Error loading event data from database: 'NoneType' object has no attribute 'acquire'
2025-04-21 17:32:01,239 - tribble_bot - INFO - Bot is ready
2025-04-21 17:32:08,150 - tribble_bot - ERROR - Failed to connect to MySQL: (2013, 'Lost connection to MySQL server during query ([WinError 64] The specified network name is no longer available)')
2025-04-21 17:32:08,151 - tribble_bot - INFO - Falling back to in-memory data storage
2025-04-21 17:32:08,151 - discord.app_commands.tree - ERROR - Ignoring exception in command 'tribble-start'
Traceback (most recent call last):
  File "D:\discord bots\Easter bunny\.venv\Lib\site-packages\discord\app_commands\commands.py", line 858, in _do_call
    return await self._callback(interaction, **params)  # type: ignore
           ^^^^^^^^^^^^^^^^^^^^^^^^^^^^^^^^^^^^^^^^^^^
  File "d:\discord bots\Easter bunny\bot.py", line 780, in tribble_start
    active_event = await get_active_event(interaction.guild.id)
                   ^^^^^^^^^^^^^^^^^^^^^^^^^^^^^^^^^^^^^^^^^^^^
  File "d:\discord bots\Easter bunny\bot.py", line 289, in get_active_event
    async with pool.acquire() as conn:
               ^^^^^^^^^^^^
AttributeError: 'NoneType' object has no attribute 'acquire'

The above exception was the direct cause of the following exception:

Traceback (most recent call last):
  File "D:\discord bots\Easter bunny\.venv\Lib\site-packages\discord\app_commands\tree.py", line 1310, in _call
    await command._invoke_with_namespace(interaction, namespace)
  File "D:\discord bots\Easter bunny\.venv\Lib\site-packages\discord\app_commands\commands.py", line 883, in _invoke_with_namespace
    return await self._do_call(interaction, transformed_values)
           ^^^^^^^^^^^^^^^^^^^^^^^^^^^^^^^^^^^^^^^^^^^^^^^^^^^^
  File "D:\discord bots\Easter bunny\.venv\Lib\site-packages\discord\app_commands\commands.py", line 876, in _do_call
    raise CommandInvokeError(self, e) from e
discord.app_commands.errors.CommandInvokeError: Command 'tribble-start' raised an exception: AttributeError: 'NoneType' object has no attribute 'acquire'
2025-04-21 17:33:20,921 - discord.client - INFO - logging in using static token
2025-04-21 17:33:24,417 - discord.gateway - INFO - Shard ID None has connected to Gateway (Session ID: 5272fcb2f4822135080aec712e87c890).
2025-04-21 17:33:26,492 - tribble_bot - INFO - Logged in as Cyrano Jones (1362590639182839828)
2025-04-21 17:33:46,455 - tribble_bot - ERROR - Failed to connect to MySQL: (2013, 'Lost connection to MySQL server during query ([WinError 64] The specified network name is no longer available)')
2025-04-21 17:33:46,455 - tribble_bot - INFO - Falling back to in-memory data storage
2025-04-21 17:33:46,456 - tribble_bot - INFO - Using in-memory storage instead of database
2025-04-21 17:34:08,538 - tribble_bot - INFO - Synced 13 command(s)
2025-04-21 17:35:48,774 - discord.client - INFO - logging in using static token
2025-04-21 17:35:51,530 - discord.gateway - INFO - Shard ID None has connected to Gateway (Session ID: 111f2eda4261fc4143a92a8f41185121).
2025-04-21 17:35:54,838 - discord.client - INFO - logging in using static token
2025-04-21 17:35:57,955 - discord.gateway - INFO - Shard ID None has connected to Gateway (Session ID: bc5e918be1929f2d6cc8e45068180c91).
2025-04-21 17:36:00,137 - tribble_bot - INFO - Logged in as Cyrano Jones (1362590639182839828)
2025-04-21 17:36:20,065 - tribble_bot - ERROR - Failed to connect to MySQL: (2013, 'Lost connection to MySQL server during query ([WinError 64] The specified network name is no longer available)')
2025-04-21 17:36:20,066 - tribble_bot - INFO - Falling back to in-memory data storage
2025-04-21 17:36:20,066 - tribble_bot - INFO - Using in-memory storage instead of database
2025-04-21 17:36:21,094 - tribble_bot - INFO - Synced 13 command(s)
2025-04-21 17:41:39,502 - discord.client - INFO - logging in using static token
2025-04-21 17:41:43,195 - discord.gateway - INFO - Shard ID None has connected to Gateway (Session ID: bad1e9f6fdd7d48da0ec7255cfefbccc).
2025-04-21 17:41:45,212 - tribble_bot - INFO - Logged in as Cyrano Jones (1362590639182839828)
2025-04-21 17:41:45,212 - tribble_bot - ERROR - Failed to connect to MySQL: connect() got an unexpected keyword argument 'DB_HOST'
2025-04-21 17:41:45,212 - tribble_bot - INFO - Falling back to in-memory data storage
2025-04-21 17:41:45,212 - tribble_bot - INFO - Using in-memory storage instead of database
2025-04-21 17:41:45,684 - tribble_bot - INFO - Synced 13 command(s)
2025-04-21 17:41:45,684 - tribble_bot - ERROR - Failed to connect to MySQL: connect() got an unexpected keyword argument 'DB_HOST'
2025-04-21 17:41:45,684 - tribble_bot - INFO - Falling back to in-memory data storage
2025-04-21 17:41:45,684 - tribble_bot - ERROR - Error loading event data from database: 'NoneType' object has no attribute 'acquire'
2025-04-21 17:41:45,684 - tribble_bot - INFO - Bot is ready
2025-04-21 17:54:13,829 - discord.client - INFO - logging in using static token
2025-04-21 17:54:17,791 - discord.gateway - INFO - Shard ID None has connected to Gateway (Session ID: e9d86a8688bc597958dc50226f9019ca).
2025-04-21 17:54:19,804 - tribble_bot - INFO - Logged in as Cyrano Jones (1362590639182839828)
2025-04-21 17:54:20,475 - tribble_bot - INFO - Synced 13 command(s)
2025-04-21 17:54:20,684 - tribble_bot - WARNING - Pool initialization attempt failed: (2003, "Can't connect to MySQL server on 'uk02-sql.pebblehost.com'").
2025-04-21 17:54:20,684 - tribble_bot - ERROR - All pool initialization attempts failed
2025-04-21 17:54:20,684 - tribble_bot - ERROR - Failed to acquire connection from pool: 'NoneType' object has no attribute 'acquire'
2025-04-21 17:54:20,684 - tribble_bot - ERROR - Error loading event data from database: Failed to acquire connection from pool: 'NoneType' object has no attribute 'acquire'
2025-04-21 17:54:20,685 - tribble_bot - INFO - Bot is ready
2025-04-21 17:57:35,676 - discord.client - INFO - logging in using static token
2025-04-21 17:57:39,177 - discord.gateway - INFO - Shard ID None has connected to Gateway (Session ID: 9b69a7777d2ebe5b6fcc73e4f2c52de3).
2025-04-21 17:57:41,207 - tribble_bot - INFO - Logged in as Cyrano Jones (1362590639182839828)
2025-04-21 17:57:41,985 - tribble_bot - INFO - Synced 13 command(s)
2025-04-21 17:57:42,194 - tribble_bot - WARNING - Pool initialization attempt failed: %d format: a real number is required, not str.
2025-04-21 17:57:42,194 - tribble_bot - ERROR - All pool initialization attempts failed
2025-04-21 17:57:42,195 - tribble_bot - ERROR - Failed to acquire connection from pool: 'NoneType' object has no attribute 'acquire'
2025-04-21 17:57:42,195 - tribble_bot - ERROR - Error loading event data from database: Failed to acquire connection from pool: 'NoneType' object has no attribute 'acquire'
2025-04-21 17:57:42,195 - tribble_bot - INFO - Bot is ready
2025-04-21 17:58:07,847 - discord.client - INFO - logging in using static token
2025-04-21 17:58:11,124 - discord.gateway - INFO - Shard ID None has connected to Gateway (Session ID: d384afa6a7150af402fe7dc0b610d70e).
2025-04-21 17:58:13,292 - tribble_bot - INFO - Logged in as Cyrano Jones (1362590639182839828)
2025-04-21 17:58:13,967 - tribble_bot - INFO - Synced 13 command(s)
2025-04-21 17:58:33,835 - tribble_bot - WARNING - Pool initialization attempt failed: (2013, 'Lost connection to MySQL server during query ([WinError 64] The specified network name is no longer available)').
2025-04-21 17:58:33,835 - tribble_bot - ERROR - All pool initialization attempts failed
2025-04-21 17:58:33,835 - tribble_bot - ERROR - Failed to acquire connection from pool: 'NoneType' object has no attribute 'acquire'
2025-04-21 17:58:33,835 - tribble_bot - ERROR - Error loading event data from database: Failed to acquire connection from pool: 'NoneType' object has no attribute 'acquire'
2025-04-21 17:58:33,836 - tribble_bot - INFO - Bot is ready
2025-04-21 18:01:13,944 - discord.client - INFO - logging in using static token
2025-04-21 18:01:17,607 - discord.gateway - INFO - Shard ID None has connected to Gateway (Session ID: c4ebb5212519616211bb75435b08db62).
2025-04-21 18:01:19,831 - tribble_bot - INFO - Logged in as Cyrano Jones (1362590639182839828)
2025-04-21 18:01:20,451 - tribble_bot - INFO - Synced 13 command(s)
2025-04-21 18:01:40,462 - tribble_bot - WARNING - Pool initialization attempt failed: (2013, 'Lost connection to MySQL server during query ([WinError 64] The specified network name is no longer available)').
2025-04-21 18:01:40,462 - tribble_bot - ERROR - All pool initialization attempts failed
2025-04-21 18:01:40,462 - tribble_bot - ERROR - Failed to acquire connection from pool: 'NoneType' object has no attribute 'acquire'
2025-04-21 18:01:40,462 - tribble_bot - ERROR - Error loading event data from database: Failed to acquire connection from pool: 'NoneType' object has no attribute 'acquire'
2025-04-21 18:01:40,462 - tribble_bot - INFO - Bot is ready
2025-04-21 18:07:12,826 - discord.client - INFO - logging in using static token
2025-04-21 18:07:16,147 - discord.gateway - INFO - Shard ID None has connected to Gateway (Session ID: fdb8402e816e4b7b8944e084848391af).
2025-04-21 18:07:18,330 - tribble_bot - INFO - Logged in as Cyrano Jones (1362590639182839828)
2025-04-21 18:07:18,739 - tribble_bot - INFO - Synced 13 command(s)
2025-04-21 18:07:38,867 - tribble_bot - WARNING - Pool initialization attempt 1 failed: (2013, 'Lost connection to MySQL server during query ([WinError 64] The specified network name is no longer available)')
2025-04-21 18:07:38,867 - tribble_bot - INFO - Retrying in 2 seconds...
2025-04-21 18:08:00,887 - tribble_bot - WARNING - Pool initialization attempt 2 failed: (2013, 'Lost connection to MySQL server during query ([WinError 64] The specified network name is no longer available)')
2025-04-21 18:08:00,887 - tribble_bot - INFO - Retrying in 4 seconds...
2025-04-21 18:08:24,697 - tribble_bot - WARNING - Pool initialization attempt 3 failed: (2013, 'Lost connection to MySQL server during query ([WinError 64] The specified network name is no longer available)')
2025-04-21 18:08:24,698 - tribble_bot - ERROR - All pool initialization attempts failed
2025-04-21 18:08:24,698 - tribble_bot - ERROR - Failed to initialize database pool: Failed to initialize database pool after 3 attempts: (2013, 'Lost connection to MySQL server during query ([WinError 64] The specified network name is no longer available)')
2025-04-21 18:08:24,698 - tribble_bot - ERROR - Database connection error when getting active event: Failed to initialize database pool after 3 attempts: (2013, 'Lost connection to MySQL server during query ([WinError 64] The specified network name is no longer available)')
2025-04-21 18:08:24,698 - tribble_bot - INFO - Bot is ready
2025-04-21 18:10:54,874 - discord.client - INFO - logging in using static token
2025-04-21 18:10:58,926 - discord.gateway - INFO - Shard ID None has connected to Gateway (Session ID: dbd1636eba9e810b2b21752fc89dfdae).
2025-04-21 18:34:20,648 - tribble_bot - INFO - Using hybrid JSON/Database storage for event data
2025-04-21 18:34:20,648 - tribble_bot - WARNING - Could not load event data from file, using default
2025-04-21 18:34:20,650 - discord.client - INFO - logging in using static token
2025-04-21 18:34:23,924 - discord.gateway - INFO - Shard ID None has connected to Gateway (Session ID: ecb1ca90fcc246b28c281ce6891c5762).
2025-04-21 18:34:26,085 - tribble_bot - INFO - Logged in as Cyrano Jones (1362590639182839828)
2025-04-21 18:34:26,727 - tribble_bot - INFO - Synced 13 command(s)
2025-04-21 19:02:16,508 - tribble_bot - INFO - Using hybrid JSON/Database storage for event data
2025-04-21 19:02:16,508 - tribble_bot - WARNING - Could not load event data from file, using default
2025-04-21 19:02:16,509 - discord.client - INFO - logging in using static token
2025-04-21 19:02:19,927 - discord.gateway - INFO - Shard ID None has connected to Gateway (Session ID: 15b4c4731d2b0a237326473ab3b3f758).
2025-04-21 19:07:27,476 - tribble_bot - INFO - Using hybrid JSON/Database storage for event data
2025-04-21 19:07:27,476 - tribble_bot - WARNING - Could not load event data from file, using default
2025-04-21 19:07:27,477 - discord.client - INFO - logging in using static token
2025-04-21 19:07:31,169 - discord.gateway - INFO - Shard ID None has connected to Gateway (Session ID: e349292146302e193a9ea47936eb0aaa).
2025-04-21 19:08:31,386 - discord.app_commands.tree - ERROR - Ignoring exception in command tree
Traceback (most recent call last):
  File "C:\Users\kurtj\AppData\Local\Programs\Python\Python311\Lib\site-packages\discord\app_commands\tree.py", line 1151, in wrapper
    await self._call(interaction)
  File "C:\Users\kurtj\AppData\Local\Programs\Python\Python311\Lib\site-packages\discord\app_commands\tree.py", line 1283, in _call
    command, options = self._get_app_command_options(data)
                       ^^^^^^^^^^^^^^^^^^^^^^^^^^^^^^^^^^^
  File "C:\Users\kurtj\AppData\Local\Programs\Python\Python311\Lib\site-packages\discord\app_commands\tree.py", line 1187, in _get_app_command_options
    raise CommandNotFound(name, parents)
discord.app_commands.errors.CommandNotFound: Application command 'tribble-dropin' not found
2025-04-21 19:17:13,725 - tribble_bot - INFO - Using hybrid JSON/Database storage for event data
2025-04-21 19:17:13,725 - tribble_bot - WARNING - Could not load event data from file, using default
2025-04-21 19:17:13,726 - discord.client - INFO - logging in using static token
2025-04-21 19:17:17,353 - discord.gateway - INFO - Shard ID None has connected to Gateway (Session ID: 3422d5b592b83c95e6fb2393faa26a52).
2025-04-21 19:17:19,520 - tribble_bot - INFO - Logged in as Cyrano Jones (1362590639182839828)
2025-04-21 19:17:19,992 - tribble_bot - INFO - Synced 11 command(s)
2025-04-21 19:17:19,992 - tribble_bot - WARNING - Could not load event data from file, using default
2025-04-21 19:17:40,142 - tribble_bot - WARNING - Pool initialization attempt 1 failed: (2013, 'Lost connection to MySQL server during query ([WinError 64] The specified network name is no longer available)')
2025-04-21 19:17:40,142 - tribble_bot - INFO - Retrying in 2 seconds...
2025-04-21 19:22:54,048 - tribble_bot - INFO - Using hybrid JSON/Database storage for event data
2025-04-21 19:22:54,048 - tribble_bot - WARNING - Could not load event data from file, using default
2025-04-21 19:22:54,048 - discord.client - INFO - logging in using static token
2025-04-21 19:22:57,192 - discord.gateway - INFO - Shard ID None has connected to Gateway (Session ID: a11094c419bfb6760ff38a6f730fcb7f).
2025-04-21 19:22:59,374 - tribble_bot - INFO - Logged in as Cyrano Jones (1362590639182839828)
2025-04-21 19:22:59,905 - tribble_bot - INFO - Synced 13 command(s)
2025-04-21 19:23:20,115 - tribble_bot - WARNING - Pool initialization attempt 1 failed: (2013, 'Lost connection to MySQL server during query ([WinError 64] The specified network name is no longer available)')
2025-04-21 19:23:20,115 - tribble_bot - INFO - Retrying in 2 seconds...
2025-04-21 19:59:02,283 - discord.client - INFO - logging in using static token
2025-04-21 19:59:05,572 - discord.gateway - INFO - Shard ID None has connected to Gateway (Session ID: 5203ff02181edc529c9924f9e86f62c0).
2025-04-21 19:59:07,783 - tribble_bot - INFO - Logged in as Cyrano Jones (1362590639182839828)
2025-04-21 20:26:24,151 - discord.client - INFO - logging in using static token
2025-04-21 20:26:27,167 - discord.gateway - INFO - Shard ID None has connected to Gateway (Session ID: c5f77d71f8ca818478691ef5d9fede02).
2025-04-21 20:32:38,281 - discord.client - INFO - logging in using static token
